<?xml version="1.0" encoding="UTF-8"?>
<!-- Generated by org.testng.reporters.JUnitReportReporter -->
<testsuite name="TestCases.TestNG_Prioritizing" tests="3" time="0.015" ignored="1" failures="0" timestamp="19 Feb 2017 12:54:34 GMT" skipped="0" hostname="Nagesh" errors="0">
  <testcase name="AudiA6" time="0.003" classname="TestCases.TestNG_Prioritizing"/>
  <testcase name="BMW3Series" time="0.008" classname="TestCases.TestNG_Prioritizing"/>
  <testcase name="BMWX3" time="0.004" classname="TestCases.TestNG_Prioritizing"/>
  <testcase name="HondaAccord" classname="TestCases.TestNG_Prioritizing">
    <skipped/>
  </testcase> <!-- HondaAccord -->
</testsuite> <!-- TestCases.TestNG_Prioritizing -->
