<?xml version="1.0" encoding="UTF-8"?>
<!-- Generated by org.testng.reporters.JUnitReportReporter -->
<testsuite name="TestCases.GenericTestCases.Login" tests="1" time="7.501" ignored="0" failures="0" timestamp="21 Feb 2017 17:18:15 GMT" skipped="0" hostname="Nagesh" errors="0">
  <testcase name="test1_validLoginTest" time="7.501" classname="TestCases.GenericTestCases.Login"/>
</testsuite> <!-- TestCases.GenericTestCases.Login -->
