<?xml version="1.0" encoding="UTF-8"?>
<!-- Generated by org.testng.reporters.JUnitReportReporter -->
<testsuite name="TestCases.TestNG_TestCase" tests="2" time="55.407" ignored="0" failures="0" timestamp="19 Feb 2017 12:46:22 GMT" skipped="0" hostname="Nagesh" errors="0">
  <testcase name="fillBasicInfo" time="26.188" classname="TestCases.TestNG_TestCase"/>
  <testcase name="fillAdvancedInfo" time="29.219" classname="TestCases.TestNG_TestCase"/>
</testsuite> <!-- TestCases.TestNG_TestCase -->
