<?xml version="1.0" encoding="UTF-8"?>
<!-- Generated by org.testng.reporters.JUnitReportReporter -->
<testsuite name="TestCases.TestNG_ReportersAndAsserts" tests="3" time="0.017" ignored="0" failures="0" timestamp="19 Feb 2017 13:18:48 GMT" skipped="0" hostname="Nagesh" errors="0">
  <testcase name="testInt" time="0.003" classname="TestCases.TestNG_ReportersAndAsserts"/>
  <testcase name="testArrays" time="0.002" classname="TestCases.TestNG_ReportersAndAsserts"/>
  <testcase name="testStrings" time="0.012" classname="TestCases.TestNG_ReportersAndAsserts"/>
</testsuite> <!-- TestCases.TestNG_ReportersAndAsserts -->
