<?xml version="1.0" encoding="UTF-8"?>
<!-- Generated by org.testng.reporters.JUnitReportReporter -->
<testsuite name="TestCases.TestNG_Grouping" tests="2" time="0.014" ignored="2" failures="0" timestamp="19 Feb 2017 08:54:57 GMT" skipped="0" hostname="Nagesh" errors="0">
  <testcase name="BMWX3" time="0.011" classname="TestCases.TestNG_Grouping"/>
  <testcase name="HondaAccord" time="0.003" classname="TestCases.TestNG_Grouping"/>
  <testcase name="BMW3Series" classname="TestCases.TestNG_Grouping">
    <skipped/>
  </testcase> <!-- BMW3Series -->
  <testcase name="AudiA6" classname="TestCases.TestNG_Grouping">
    <skipped/>
  </testcase> <!-- AudiA6 -->
</testsuite> <!-- TestCases.TestNG_Grouping -->
