<?xml version="1.0" encoding="UTF-8"?>
<!-- Generated by org.testng.reporters.JUnitReportReporter -->
<testsuite name="TestCases.TestNG_MultiBrowserAndParallelTests" tests="4" time="16.256" ignored="0" failures="0" timestamp="19 Feb 2017 15:51:51 GMT" skipped="0" hostname="Nagesh" errors="0">
  <testcase name="fillAdvancedInfo" time="4.008" classname="TestCases.TestNG_MultiBrowserAndParallelTests"/>
  <testcase name="fillAdvancedInfo" time="4.172" classname="TestCases.TestNG_MultiBrowserAndParallelTests"/>
  <testcase name="fillBasicInfo" time="4.228" classname="TestCases.TestNG_MultiBrowserAndParallelTests"/>
  <testcase name="fillBasicInfo" time="3.848" classname="TestCases.TestNG_MultiBrowserAndParallelTests"/>
</testsuite> <!-- TestCases.TestNG_MultiBrowserAndParallelTests -->
