<?xml version="1.0" encoding="UTF-8"?>
<!-- Generated by org.testng.reporters.JUnitReportReporter -->
<testsuite name="TestCases.DBTest.DatabaseTesting" tests="1" time="0.117" ignored="0" failures="0" timestamp="01 Mar 2017 15:56:30 GMT" skipped="0" hostname="Nagesh" errors="0">
  <testcase name="test" time="0.117" classname="TestCases.DBTest.DatabaseTesting"/>
</testsuite> <!-- TestCases.DBTest.DatabaseTesting -->
