<?xml version="1.0" encoding="UTF-8"?>
<!-- Generated by org.testng.reporters.JUnitReportReporter -->
<testsuite name="TestCases.TestNG_TestCase" tests="2" time="50.998" ignored="0" failures="0" timestamp="18 Feb 2017 20:51:06 GMT" skipped="0" hostname="Nagesh" errors="0">
  <testcase name="fillBasicInfo" time="25.490" classname="TestCases.TestNG_TestCase"/>
  <testcase name="fillAdvancedInfo" time="25.508" classname="TestCases.TestNG_TestCase"/>
</testsuite> <!-- TestCases.TestNG_TestCase -->
