<?xml version="1.0" encoding="UTF-8"?>
<!-- Generated by org.testng.reporters.JUnitReportReporter -->
<testsuite name="TestCases.GenericTestCases.TestNG_Grouping" tests="4" time="0.013" ignored="0" failures="0" timestamp="23 Feb 2017 09:51:56 GMT" skipped="0" hostname="Nagesh" errors="0">
  <testcase name="BMWX3" time="0.001" classname="TestCases.GenericTestCases.TestNG_Grouping"/>
  <testcase name="AudiA6" time="0.007" classname="TestCases.GenericTestCases.TestNG_Grouping"/>
  <testcase name="BMW3Series" time="0.004" classname="TestCases.GenericTestCases.TestNG_Grouping"/>
  <testcase name="HondaAccord" time="0.001" classname="TestCases.GenericTestCases.TestNG_Grouping"/>
</testsuite> <!-- TestCases.GenericTestCases.TestNG_Grouping -->
