<?xml version="1.0" encoding="UTF-8"?>
<!-- Generated by org.testng.reporters.JUnitReportReporter -->
<testsuite name="TestCases.GenericTestCases.LoginTest2" tests="1" time="7.353" ignored="0" failures="0" timestamp="20 Feb 2017 20:05:30 GMT" skipped="0" hostname="Nagesh" errors="0">
  <testcase name="test1_validLoginTest" time="7.353" classname="TestCases.GenericTestCases.LoginTest2"/>
</testsuite> <!-- TestCases.GenericTestCases.LoginTest2 -->
