<?xml version="1.0" encoding="UTF-8"?>
<!-- Generated by org.testng.reporters.JUnitReportReporter -->
<testsuite name="TestCases.TestNGParametersAndDataProviders" tests="3" time="20.179" ignored="1" failures="0" timestamp="19 Feb 2017 15:22:52 GMT" skipped="0" hostname="Nagesh" errors="0">
  <testcase name="fillBasicInfoMultiData" time="6.849" classname="TestCases.TestNGParametersAndDataProviders"/>
  <testcase name="fillBasicInfoMultiData" time="6.686" classname="TestCases.TestNGParametersAndDataProviders"/>
  <testcase name="fillBasicInfoMultiData" time="6.644" classname="TestCases.TestNGParametersAndDataProviders"/>
  <testcase name="fillBasicInfo" classname="TestCases.TestNGParametersAndDataProviders">
    <skipped/>
  </testcase> <!-- fillBasicInfo -->
</testsuite> <!-- TestCases.TestNGParametersAndDataProviders -->
