<?xml version="1.0" encoding="UTF-8"?>
<!-- Generated by org.testng.reporters.JUnitReportReporter -->
<testsuite name="TestCases.TestNG_TestCase" tests="1" time="26.389" ignored="0" failures="0" timestamp="18 Feb 2017 20:28:46 GMT" skipped="0" hostname="Nagesh" errors="0">
  <testcase name="testMethod" time="26.389" classname="TestCases.TestNG_TestCase"/>
</testsuite> <!-- TestCases.TestNG_TestCase -->
