<?xml version="1.0" encoding="UTF-8"?>
<!-- Generated by org.testng.reporters.JUnitReportReporter -->
<testsuite name="com.makemyvacation.flightsbooking.TestNG_TestCase" tests="2" time="93.165" ignored="0" failures="0" timestamp="23 Feb 2017 08:28:32 GMT" skipped="0" hostname="Nagesh" errors="0">
  <testcase name="fillBasicInfo" time="30.350" classname="com.makemyvacation.flightsbooking.TestNG_TestCase"/>
  <testcase name="fillAdvancedInfo" time="62.815" classname="com.makemyvacation.flightsbooking.TestNG_TestCase"/>
</testsuite> <!-- com.makemyvacation.flightsbooking.TestNG_TestCase -->
